<?xml version="1.0" encoding="UTF-8"?>
<testng-results skipped="0" failed="0" ignored="0" total="1" passed="1">
  <reporter-output>
  </reporter-output>
  <suite name="Suite" duration-ms="46567" started-at="2022-03-19T09:47:16 IST" finished-at="2022-03-19T09:48:03 IST">
    <groups>
    </groups>
    <test name="Test" duration-ms="46567" started-at="2022-03-19T09:47:16 IST" finished-at="2022-03-19T09:48:03 IST">
      <class name="testcases.LoginFailureTest">
        <test-method status="PASS" signature="DataSetup()[pri:0, instance:testcases.LoginFailureTest@420a85c4]" name="DataSetup" is-config="true" duration-ms="6733" started-at="2022-03-19T09:47:16 IST" finished-at="2022-03-19T09:47:23 IST">
          <reporter-output>
          </reporter-output>
        </test-method> <!-- DataSetup -->
        <test-method status="PASS" signature="SetUp(java.lang.reflect.Method)[pri:0, instance:testcases.LoginFailureTest@420a85c4]" name="SetUp" is-config="true" duration-ms="7047" started-at="2022-03-19T09:47:23 IST" finished-at="2022-03-19T09:47:30 IST">
          <params>
            <param index="0">
              <value>
                <![CDATA[public void testcases.LoginFailureTest.ExternalData()]]>
              </value>
            </param>
          </params>
          <reporter-output>
          </reporter-output>
        </test-method> <!-- SetUp -->
        <test-method status="PASS" signature="ExternalData()[pri:0, instance:testcases.LoginFailureTest@420a85c4]" name="ExternalData" duration-ms="29885" started-at="2022-03-19T09:47:30 IST" finished-at="2022-03-19T09:48:00 IST">
          <reporter-output>
          </reporter-output>
        </test-method> <!-- ExternalData -->
        <test-method status="PASS" signature="closebrowser()[pri:0, instance:testcases.LoginFailureTest@420a85c4]" name="closebrowser" is-config="true" duration-ms="1430" started-at="2022-03-19T09:48:00 IST" finished-at="2022-03-19T09:48:02 IST">
          <reporter-output>
          </reporter-output>
        </test-method> <!-- closebrowser -->
        <test-method status="PASS" signature="TearDown()[pri:0, instance:testcases.LoginFailureTest@420a85c4]" name="TearDown" is-config="true" duration-ms="1336" started-at="2022-03-19T09:48:02 IST" finished-at="2022-03-19T09:48:03 IST">
          <reporter-output>
          </reporter-output>
        </test-method> <!-- TearDown -->
      </class> <!-- testcases.LoginFailureTest -->
    </test> <!-- Test -->
  </suite> <!-- Suite -->
</testng-results>
