<?xml version="1.0" encoding="UTF-8"?>
<testng-results ignored="0" total="1" passed="1" failed="0" skipped="0">
  <reporter-output>
  </reporter-output>
  <suite started-at="2022-03-13T11:23:01 IST" name="Default suite" finished-at="2022-03-13T11:24:48 IST" duration-ms="106459">
    <groups>
    </groups>
    <test started-at="2022-03-13T11:23:01 IST" name="Default test" finished-at="2022-03-13T11:24:48 IST" duration-ms="106459">
      <class name="testcases.LoginFailureTest">
        <test-method is-config="true" signature="DataSetup()[pri:0, instance:testcases.LoginFailureTest@37eeec90]" started-at="2022-03-13T11:23:01 IST" name="DataSetup" finished-at="2022-03-13T11:23:13 IST" duration-ms="11628" status="PASS">
          <reporter-output>
          </reporter-output>
        </test-method> <!-- DataSetup -->
        <test-method is-config="true" signature="SetUp(java.lang.reflect.Method)[pri:0, instance:testcases.LoginFailureTest@37eeec90]" started-at="2022-03-13T11:23:14 IST" name="SetUp" finished-at="2022-03-13T11:23:58 IST" duration-ms="43998" status="PASS">
          <params>
            <param index="0">
              <value>
                <![CDATA[public void testcases.LoginFailureTest.ExternalData()]]>
              </value>
            </param>
          </params>
          <reporter-output>
          </reporter-output>
        </test-method> <!-- SetUp -->
        <test-method signature="ExternalData()[pri:0, instance:testcases.LoginFailureTest@37eeec90]" started-at="2022-03-13T11:23:58 IST" name="ExternalData" finished-at="2022-03-13T11:24:39 IST" duration-ms="40861" status="PASS">
          <reporter-output>
          </reporter-output>
        </test-method> <!-- ExternalData -->
        <test-method is-config="true" signature="closebrowser()[pri:0, instance:testcases.LoginFailureTest@37eeec90]" started-at="2022-03-13T11:24:39 IST" name="closebrowser" finished-at="2022-03-13T11:24:46 IST" duration-ms="7365" status="PASS">
          <reporter-output>
          </reporter-output>
        </test-method> <!-- closebrowser -->
        <test-method is-config="true" signature="TearDown()[pri:0, instance:testcases.LoginFailureTest@37eeec90]" started-at="2022-03-13T11:24:46 IST" name="TearDown" finished-at="2022-03-13T11:24:48 IST" duration-ms="1927" status="PASS">
          <reporter-output>
          </reporter-output>
        </test-method> <!-- TearDown -->
      </class> <!-- testcases.LoginFailureTest -->
    </test> <!-- Default test -->
  </suite> <!-- Default suite -->
</testng-results>
